Nu exista
[0] :
[1] :
[2] :
[3] :
[4] :
[5] :
[6] :
[7] :
[8] :
[9] :
Nu exista
[0] :
[1] : (aefaaccaff -> [Nume: Bryce, Grupa: 312ca, Medie: 8.70, Varsta: 24])
[2] :
[3] : (aefaaccafg -> [Nume: Bryce, Grupa: 312ca, Medie: 8.70, Varsta: 24])
[4] :
[5] : (aefaaccafh -> [Nume: Bryce, Grupa: 312ca, Medie: 8.70, Varsta: 24])
[6] :
[7] : (aefaaccafd -> [Nume: Bryce, Grupa: 312ca, Medie: 8.70, Varsta: 24]) (aefaaccafi -> [Nume: Bryce, Grupa: 312ca, Medie: 8.70, Varsta: 24])
[8] :
[9] : (aefaaccafe -> [Nume: Bryce, Grupa: 312ca, Medie: 8.70, Varsta: 24])
[0] :
[1] : (aefaaccaff -> [Nume: Bryce, Grupa: 312ca, Medie: 8.70, Varsta: 24])
[2] :
[3] : (aefaaccafg -> [Nume: Bryce, Grupa: 312ca, Medie: 8.70, Varsta: 24])
[4] :
[5] : (aefaaccafh -> [Nume: Bryce, Grupa: 312ca, Medie: 8.70, Varsta: 24])
[6] :
[7] : (aefaaccafd -> [Nume: Bryce, Grupa: 312ca, Medie: 8.70, Varsta: 24])
[8] :
[9] : (aefaaccafe -> [Nume: Bryce, Grupa: 312ca, Medie: 8.70, Varsta: 24])
